1563466030257	mozrunner::runner	INFO	Running command: "/usr/bin/firefox" "-marionette" "-foreground" "-no-remote" "-profile" "/tmp/rust_mozprofile.A6rb9Sd5vTQ9"
1563466031512	addons.webextension.screenshots@mozilla.org	WARN	Loading extension 'screenshots@mozilla.org': Reading manifest: Invalid extension permission: mozillaAddons
1563466031512	addons.webextension.screenshots@mozilla.org	WARN	Loading extension 'screenshots@mozilla.org': Reading manifest: Invalid extension permission: resource://pdf.js/
1563466031512	addons.webextension.screenshots@mozilla.org	WARN	Loading extension 'screenshots@mozilla.org': Reading manifest: Invalid extension permission: about:reader*
1563466033948	Marionette	INFO	Listening on port 43105
1563466034082	Marionette	WARN	TLS certificate errors will be ignored for this session
Exiting due to channel error.
Exiting due to channel error.
Exiting due to channel error.
1563466083291	mozrunner::runner	INFO	Running command: "/usr/bin/firefox" "-marionette" "-foreground" "-no-remote" "-profile" "/tmp/rust_mozprofile.SHCzVrBXE2M5"
1563466083646	addons.webextension.screenshots@mozilla.org	WARN	Loading extension 'screenshots@mozilla.org': Reading manifest: Invalid extension permission: mozillaAddons
1563466083647	addons.webextension.screenshots@mozilla.org	WARN	Loading extension 'screenshots@mozilla.org': Reading manifest: Invalid extension permission: resource://pdf.js/
1563466083647	addons.webextension.screenshots@mozilla.org	WARN	Loading extension 'screenshots@mozilla.org': Reading manifest: Invalid extension permission: about:reader*
1563466085594	Marionette	INFO	Listening on port 39347
1563466085602	Marionette	WARN	TLS certificate errors will be ignored for this session
Exiting due to channel error.
Exiting due to channel error.
Exiting due to channel error.
1563466320563	mozrunner::runner	INFO	Running command: "/usr/bin/firefox" "-marionette" "-foreground" "-no-remote" "-profile" "/tmp/rust_mozprofile.INPQugQAK0jz"
1563466320937	addons.webextension.screenshots@mozilla.org	WARN	Loading extension 'screenshots@mozilla.org': Reading manifest: Invalid extension permission: mozillaAddons
1563466320937	addons.webextension.screenshots@mozilla.org	WARN	Loading extension 'screenshots@mozilla.org': Reading manifest: Invalid extension permission: resource://pdf.js/
1563466320937	addons.webextension.screenshots@mozilla.org	WARN	Loading extension 'screenshots@mozilla.org': Reading manifest: Invalid extension permission: about:reader*
1563466322726	Marionette	INFO	Listening on port 42261
1563466322843	Marionette	WARN	TLS certificate errors will be ignored for this session
Exiting due to channel error.
Exiting due to channel error.
Exiting due to channel error.
1563466359540	mozrunner::runner	INFO	Running command: "/usr/bin/firefox" "-marionette" "-foreground" "-no-remote" "-profile" "/tmp/rust_mozprofile.w5c96ecDACna"
1563466359895	addons.webextension.screenshots@mozilla.org	WARN	Loading extension 'screenshots@mozilla.org': Reading manifest: Invalid extension permission: mozillaAddons
1563466359896	addons.webextension.screenshots@mozilla.org	WARN	Loading extension 'screenshots@mozilla.org': Reading manifest: Invalid extension permission: resource://pdf.js/
1563466359896	addons.webextension.screenshots@mozilla.org	WARN	Loading extension 'screenshots@mozilla.org': Reading manifest: Invalid extension permission: about:reader*
1563466361745	Marionette	INFO	Listening on port 37651
1563466361871	Marionette	WARN	TLS certificate errors will be ignored for this session
Exiting due to channel error.
Exiting due to channel error.
Exiting due to channel error.
1563466595296	mozrunner::runner	INFO	Running command: "/usr/bin/firefox" "-marionette" "-foreground" "-no-remote" "-profile" "/tmp/rust_mozprofile.dRvGz1yiNx6v"
1563466595657	addons.webextension.screenshots@mozilla.org	WARN	Loading extension 'screenshots@mozilla.org': Reading manifest: Invalid extension permission: mozillaAddons
1563466595657	addons.webextension.screenshots@mozilla.org	WARN	Loading extension 'screenshots@mozilla.org': Reading manifest: Invalid extension permission: resource://pdf.js/
1563466595657	addons.webextension.screenshots@mozilla.org	WARN	Loading extension 'screenshots@mozilla.org': Reading manifest: Invalid extension permission: about:reader*
1563466597447	Marionette	INFO	Listening on port 42169
1563466597575	Marionette	WARN	TLS certificate errors will be ignored for this session
Exiting due to channel error.
Exiting due to channel error.
Exiting due to channel error.
1563466656255	mozrunner::runner	INFO	Running command: "/usr/bin/firefox" "-marionette" "-foreground" "-no-remote" "-profile" "/tmp/rust_mozprofile.XdqgOyma10FD"
1563466656610	addons.webextension.screenshots@mozilla.org	WARN	Loading extension 'screenshots@mozilla.org': Reading manifest: Invalid extension permission: mozillaAddons
1563466656610	addons.webextension.screenshots@mozilla.org	WARN	Loading extension 'screenshots@mozilla.org': Reading manifest: Invalid extension permission: resource://pdf.js/
1563466656610	addons.webextension.screenshots@mozilla.org	WARN	Loading extension 'screenshots@mozilla.org': Reading manifest: Invalid extension permission: about:reader*
1563466658367	Marionette	INFO	Listening on port 37143
1563466658485	Marionette	WARN	TLS certificate errors will be ignored for this session
Exiting due to channel error.
Exiting due to channel error.
Exiting due to channel error.
1563466708867	mozrunner::runner	INFO	Running command: "/usr/bin/firefox" "-marionette" "-foreground" "-no-remote" "-profile" "/tmp/rust_mozprofile.cusgqx813a3I"
1563466709227	addons.webextension.screenshots@mozilla.org	WARN	Loading extension 'screenshots@mozilla.org': Reading manifest: Invalid extension permission: mozillaAddons
1563466709227	addons.webextension.screenshots@mozilla.org	WARN	Loading extension 'screenshots@mozilla.org': Reading manifest: Invalid extension permission: resource://pdf.js/
1563466709227	addons.webextension.screenshots@mozilla.org	WARN	Loading extension 'screenshots@mozilla.org': Reading manifest: Invalid extension permission: about:reader*
1563466711259	Marionette	INFO	Listening on port 37693
1563466711370	Marionette	WARN	TLS certificate errors will be ignored for this session
Exiting due to channel error.
Exiting due to channel error.
Exiting due to channel error.
1563466868079	mozrunner::runner	INFO	Running command: "/usr/bin/firefox" "-marionette" "-foreground" "-no-remote" "-profile" "/tmp/rust_mozprofile.s3UMau8WlvOQ"
1563466868426	addons.webextension.screenshots@mozilla.org	WARN	Loading extension 'screenshots@mozilla.org': Reading manifest: Invalid extension permission: mozillaAddons
1563466868426	addons.webextension.screenshots@mozilla.org	WARN	Loading extension 'screenshots@mozilla.org': Reading manifest: Invalid extension permission: resource://pdf.js/
1563466868426	addons.webextension.screenshots@mozilla.org	WARN	Loading extension 'screenshots@mozilla.org': Reading manifest: Invalid extension permission: about:reader*
1563466870286	Marionette	INFO	Listening on port 38215
1563466870389	Marionette	WARN	TLS certificate errors will be ignored for this session
JavaScript error: http://sep.ucas.ac.cn/resources/stylelib/base.js, line 6: TypeError: e is not a function
JavaScript error: http://sep.ucas.ac.cn/resources/stylelib/plugins/iealert/iealert.js, line 126: ReferenceError: jQuery is not defined
JavaScript error: http://sep.ucas.ac.cn/resources/stylelib/plugins/jquery.nicescroll.min.js, line 24: ReferenceError: jQuery is not defined
JavaScript error: http://sep.ucas.ac.cn/resources/stylelib/theme_default/global.js, line 1: ReferenceError: $ is not defined
JavaScript error: http://sep.ucas.ac.cn/resources/stylelib/plugins/sco.modal.js, line 191: ReferenceError: jQuery is not defined
JavaScript error: http://sep.ucas.ac.cn/resources/stylelib/plugins/jquery.placeholder.min.js, line 14: ReferenceError: jQuery is not defined
JavaScript error: http://sep.ucas.ac.cn/appStore, line 693: ReferenceError: $ is not defined
JavaScript error: http://sep.ucas.ac.cn/resources/stylelib/plugins/jquery-cookie/jquery.cookie.js, line 17: ReferenceError: jQuery is not defined
JavaScript error: http://sep.ucas.ac.cn/resources/stylelib/plugins/step-help/stephelp.js, line 1: ReferenceError: $ is not defined
JavaScript error: http://sep.ucas.ac.cn/resources/stylelib/theme_default/drag_arrange.js, line 1: ReferenceError: $ is not defined
1563466898500	mozrunner::runner	INFO	Running command: "/usr/bin/firefox" "-marionette" "-foreground" "-no-remote" "-profile" "/tmp/rust_mozprofile.LfOv3kIgQj0u"
1563466898871	addons.webextension.screenshots@mozilla.org	WARN	Loading extension 'screenshots@mozilla.org': Reading manifest: Invalid extension permission: mozillaAddons
1563466898871	addons.webextension.screenshots@mozilla.org	WARN	Loading extension 'screenshots@mozilla.org': Reading manifest: Invalid extension permission: resource://pdf.js/
1563466898871	addons.webextension.screenshots@mozilla.org	WARN	Loading extension 'screenshots@mozilla.org': Reading manifest: Invalid extension permission: about:reader*
1563466900850	Marionette	INFO	Listening on port 36543
1563466900961	Marionette	WARN	TLS certificate errors will be ignored for this session
[Parent 14629, Gecko_IOThread] WARNING: pipe error (82): Connection reset by peer: file /build/firefox-ubqoiK/firefox-67.0.4+build1/ipc/chromium/src/chrome/common/ipc_channel_posix.cc, line 357
[Parent 14629, Gecko_IOThread] WARNING: pipe error (99): Connection reset by peer: file /build/firefox-ubqoiK/firefox-67.0.4+build1/ipc/chromium/src/chrome/common/ipc_channel_posix.cc, line 357
1563466914382	Marionette	INFO	Stopped listening on port 38215
Exiting due to channel error.
Exiting due to channel error.
Exiting due to channel error.
1563466928302	mozrunner::runner	INFO	Running command: "/usr/bin/firefox" "-marionette" "-foreground" "-no-remote" "-profile" "/tmp/rust_mozprofile.rspH9S2SJs2b"
1563466928659	addons.webextension.screenshots@mozilla.org	WARN	Loading extension 'screenshots@mozilla.org': Reading manifest: Invalid extension permission: mozillaAddons
1563466928660	addons.webextension.screenshots@mozilla.org	WARN	Loading extension 'screenshots@mozilla.org': Reading manifest: Invalid extension permission: resource://pdf.js/
1563466928660	addons.webextension.screenshots@mozilla.org	WARN	Loading extension 'screenshots@mozilla.org': Reading manifest: Invalid extension permission: about:reader*
1563466930438	Marionette	INFO	Listening on port 32909
1563466930554	Marionette	WARN	TLS certificate errors will be ignored for this session
[Parent 16547, Gecko_IOThread] WARNING: pipe error (98): Connection reset by peer: file /build/firefox-ubqoiK/firefox-67.0.4+build1/ipc/chromium/src/chrome/common/ipc_channel_posix.cc, line 357
[Parent 16547, Gecko_IOThread] WARNING: pipe error (82): Connection reset by peer: file /build/firefox-ubqoiK/firefox-67.0.4+build1/ipc/chromium/src/chrome/common/ipc_channel_posix.cc, line 357
1563466956404	Marionette	INFO	Stopped listening on port 32909
1563467094385	mozrunner::runner	INFO	Running command: "/usr/bin/firefox" "-marionette" "-foreground" "-no-remote" "-profile" "/tmp/rust_mozprofile.swYq3Y2mDnuL"
1563467094744	addons.webextension.screenshots@mozilla.org	WARN	Loading extension 'screenshots@mozilla.org': Reading manifest: Invalid extension permission: mozillaAddons
1563467094744	addons.webextension.screenshots@mozilla.org	WARN	Loading extension 'screenshots@mozilla.org': Reading manifest: Invalid extension permission: resource://pdf.js/
1563467094744	addons.webextension.screenshots@mozilla.org	WARN	Loading extension 'screenshots@mozilla.org': Reading manifest: Invalid extension permission: about:reader*
1563467096519	Marionette	INFO	Listening on port 38173
1563467096646	Marionette	WARN	TLS certificate errors will be ignored for this session
Exiting due to channel error.
Exiting due to channel error.
Exiting due to channel error.
1563467284759	mozrunner::runner	INFO	Running command: "/usr/bin/firefox" "-marionette" "-foreground" "-no-remote" "-profile" "/tmp/rust_mozprofile.DVRv90YX6pHY"
1563467285127	addons.webextension.screenshots@mozilla.org	WARN	Loading extension 'screenshots@mozilla.org': Reading manifest: Invalid extension permission: mozillaAddons
1563467285128	addons.webextension.screenshots@mozilla.org	WARN	Loading extension 'screenshots@mozilla.org': Reading manifest: Invalid extension permission: resource://pdf.js/
1563467285128	addons.webextension.screenshots@mozilla.org	WARN	Loading extension 'screenshots@mozilla.org': Reading manifest: Invalid extension permission: about:reader*
1563467286856	Marionette	INFO	Listening on port 41123
1563467286870	Marionette	WARN	TLS certificate errors will be ignored for this session
1563467312057	Marionette	INFO	Stopped listening on port 41123
[Parent 18686, Gecko_IOThread] WARNING: pipe error (84): Connection reset by peer: file /build/firefox-ubqoiK/firefox-67.0.4+build1/ipc/chromium/src/chrome/common/ipc_channel_posix.cc, line 357
JavaScript error: http://course.ucas.ac.cn/library/webjars/jquery/1.11.3/jquery.min.js?version=5c5a648, line 2: TypeError: a is null

###!!! [Child][MessageChannel] Error: (msgtype=0x53000E,name=PHttpChannel::Msg_DeletingChannel) Channel closing: too late to send/recv, messages will be lost


###!!! [Child][MessageChannel] Error: (msgtype=0x53000E,name=PHttpChannel::Msg_DeletingChannel) Channel closing: too late to send/recv, messages will be lost


###!!! [Child][MessageChannel] Error: (msgtype=0x53000E,name=PHttpChannel::Msg_DeletingChannel) Channel closing: too late to send/recv, messages will be lost


###!!! [Child][MessageChannel] Error: (msgtype=0x53000E,name=PHttpChannel::Msg_DeletingChannel) Channel closing: too late to send/recv, messages will be lost


###!!! [Child][MessageChannel] Error: (msgtype=0x53000E,name=PHttpChannel::Msg_DeletingChannel) Channel closing: too late to send/recv, messages will be lost


###!!! [Child][MessageChannel] Error: (msgtype=0x53000E,name=PHttpChannel::Msg_DeletingChannel) Channel closing: too late to send/recv, messages will be lost


###!!! [Child][MessageChannel] Error: (msgtype=0x53000E,name=PHttpChannel::Msg_DeletingChannel) Channel closing: too late to send/recv, messages will be lost


###!!! [Child][MessageChannel] Error: (msgtype=0x53000E,name=PHttpChannel::Msg_DeletingChannel) Channel closing: too late to send/recv, messages will be lost


###!!! [Child][MessageChannel] Error: (msgtype=0x53000E,name=PHttpChannel::Msg_DeletingChannel) Channel closing: too late to send/recv, messages will be lost


###!!! [Child][MessageChannel] Error: (msgtype=0x53000E,name=PHttpChannel::Msg_DeletingChannel) Channel closing: too late to send/recv, messages will be lost


###!!! [Child][MessageChannel] Error: (msgtype=0x53000E,name=PHttpChannel::Msg_DeletingChannel) Channel closing: too late to send/recv, messages will be lost


###!!! [Child][MessageChannel] Error: (msgtype=0x3600BA,name=PContent::Msg_ScriptError) Channel closing: too late to send/recv, messages will be lost


###!!! [Child][MessageChannel] Error: (msgtype=0x53000E,name=PHttpChannel::Msg_DeletingChannel) Channel closing: too late to send/recv, messages will be lost


###!!! [Child][RunMessage] Error: Channel closing: too late to send/recv, messages will be lost


###!!! [Child][RunMessage] Error: Channel closing: too late to send/recv, messages will be lost


###!!! [Child][RunMessage] Error: Channel closing: too late to send/recv, messages will be lost

1563467337819	mozrunner::runner	INFO	Running command: "/usr/bin/firefox" "-marionette" "-foreground" "-no-remote" "-profile" "/tmp/rust_mozprofile.yCYPJH5lJMbb"
1563467338176	addons.webextension.screenshots@mozilla.org	WARN	Loading extension 'screenshots@mozilla.org': Reading manifest: Invalid extension permission: mozillaAddons
1563467338177	addons.webextension.screenshots@mozilla.org	WARN	Loading extension 'screenshots@mozilla.org': Reading manifest: Invalid extension permission: resource://pdf.js/
1563467338177	addons.webextension.screenshots@mozilla.org	WARN	Loading extension 'screenshots@mozilla.org': Reading manifest: Invalid extension permission: about:reader*
1563467339936	Marionette	INFO	Listening on port 34989
1563467340067	Marionette	WARN	TLS certificate errors will be ignored for this session
1563467344858	Marionette	WARN	TimedPromise timed out after 500 ms: stacktrace:
bail@chrome://marionette/content/sync.js:223:64
Exiting due to channel error.
Exiting due to channel error.
Exiting due to channel error.
1563467457818	mozrunner::runner	INFO	Running command: "/usr/bin/firefox" "-marionette" "-foreground" "-no-remote" "-profile" "/tmp/rust_mozprofile.ZgFZqrqlS0kl"
1563467458194	addons.webextension.screenshots@mozilla.org	WARN	Loading extension 'screenshots@mozilla.org': Reading manifest: Invalid extension permission: mozillaAddons
1563467458195	addons.webextension.screenshots@mozilla.org	WARN	Loading extension 'screenshots@mozilla.org': Reading manifest: Invalid extension permission: resource://pdf.js/
1563467458195	addons.webextension.screenshots@mozilla.org	WARN	Loading extension 'screenshots@mozilla.org': Reading manifest: Invalid extension permission: about:reader*
1563467459983	Marionette	INFO	Listening on port 37117
1563467460099	Marionette	WARN	TLS certificate errors will be ignored for this session
1563467478121	Marionette	INFO	Stopped listening on port 37117
[Parent 20975, Gecko_IOThread] WARNING: pipe error (82): Connection reset by peer: file /build/firefox-ubqoiK/firefox-67.0.4+build1/ipc/chromium/src/chrome/common/ipc_channel_posix.cc, line 357
1563467514209	mozrunner::runner	INFO	Running command: "/usr/bin/firefox" "-marionette" "-foreground" "-no-remote" "-profile" "/tmp/rust_mozprofile.LU0SeJBW9WPu"
1563467514570	addons.webextension.screenshots@mozilla.org	WARN	Loading extension 'screenshots@mozilla.org': Reading manifest: Invalid extension permission: mozillaAddons
1563467514570	addons.webextension.screenshots@mozilla.org	WARN	Loading extension 'screenshots@mozilla.org': Reading manifest: Invalid extension permission: resource://pdf.js/
1563467514570	addons.webextension.screenshots@mozilla.org	WARN	Loading extension 'screenshots@mozilla.org': Reading manifest: Invalid extension permission: about:reader*
1563467516351	Marionette	INFO	Listening on port 44181
1563467516468	Marionette	WARN	TLS certificate errors will be ignored for this session
JavaScript error: http://sep.ucas.ac.cn/resources/stylelib/theme_default/drag_arrange.js, line 77: TypeError: $(...).disableSelection is not a function
1563467531749	Marionette	INFO	Stopped listening on port 44181
[Parent 21951, Gecko_IOThread] WARNING: pipe error (82): Connection reset by peer: file /build/firefox-ubqoiK/firefox-67.0.4+build1/ipc/chromium/src/chrome/common/ipc_channel_posix.cc, line 357
1563550960753	mozrunner::runner	INFO	Running command: "/usr/bin/firefox" "-marionette" "-foreground" "-no-remote" "-profile" "/tmp/rust_mozprofile.YZhCruADbLe8"
1563550961179	addons.webextension.screenshots@mozilla.org	WARN	Loading extension 'screenshots@mozilla.org': Reading manifest: Invalid extension permission: mozillaAddons
1563550961179	addons.webextension.screenshots@mozilla.org	WARN	Loading extension 'screenshots@mozilla.org': Reading manifest: Invalid extension permission: resource://pdf.js/
1563550961179	addons.webextension.screenshots@mozilla.org	WARN	Loading extension 'screenshots@mozilla.org': Reading manifest: Invalid extension permission: about:reader*
1563550963038	Marionette	INFO	Listening on port 38047
1563550963153	Marionette	WARN	TLS certificate errors will be ignored for this session
1563550993704	mozrunner::runner	INFO	Running command: "/usr/bin/firefox" "-marionette" "-foreground" "-no-remote" "-profile" "/tmp/rust_mozprofile.AsnvLZ2KPO5X"
1563550994055	addons.webextension.screenshots@mozilla.org	WARN	Loading extension 'screenshots@mozilla.org': Reading manifest: Invalid extension permission: mozillaAddons
1563550994056	addons.webextension.screenshots@mozilla.org	WARN	Loading extension 'screenshots@mozilla.org': Reading manifest: Invalid extension permission: resource://pdf.js/
1563550994056	addons.webextension.screenshots@mozilla.org	WARN	Loading extension 'screenshots@mozilla.org': Reading manifest: Invalid extension permission: about:reader*
1563550995825	Marionette	INFO	Listening on port 32967
1563550995945	Marionette	WARN	TLS certificate errors will be ignored for this session
JavaScript error: http://sep.ucas.ac.cn/resources/stylelib/base.js, line 6: TypeError: e is not a function
JavaScript error: http://sep.ucas.ac.cn/resources/stylelib/plugins/iealert/iealert.js, line 126: ReferenceError: jQuery is not defined
[Parent 7322, Gecko_IOThread] WARNING: pipe error (99): Connection reset by peer: file /build/firefox-ubqoiK/firefox-67.0.4+build1/ipc/chromium/src/chrome/common/ipc_channel_posix.cc, line 357
[Parent 7322, Gecko_IOThread] WARNING: pipe error (82): Connection reset by peer: file /build/firefox-ubqoiK/firefox-67.0.4+build1/ipc/chromium/src/chrome/common/ipc_channel_posix.cc, line 357
1563551007426	Marionette	INFO	Stopped listening on port 38047
JavaScript error: http://course.ucas.ac.cn/library/webjars/jquery/1.11.3/jquery.min.js, line 2: NS_ERROR_NOT_INITIALIZED: 
1563551017648	Marionette	INFO	Stopped listening on port 32967
[Parent 8295, Gecko_IOThread] WARNING: pipe error (82): Connection reset by peer: file /build/firefox-ubqoiK/firefox-67.0.4+build1/ipc/chromium/src/chrome/common/ipc_channel_posix.cc, line 357
1563551057400	mozrunner::runner	INFO	Running command: "/usr/bin/firefox" "-marionette" "-foreground" "-no-remote" "-profile" "/tmp/rust_mozprofile.20ipIAMwmyMl"
1563551057753	addons.webextension.screenshots@mozilla.org	WARN	Loading extension 'screenshots@mozilla.org': Reading manifest: Invalid extension permission: mozillaAddons
1563551057753	addons.webextension.screenshots@mozilla.org	WARN	Loading extension 'screenshots@mozilla.org': Reading manifest: Invalid extension permission: resource://pdf.js/
1563551057753	addons.webextension.screenshots@mozilla.org	WARN	Loading extension 'screenshots@mozilla.org': Reading manifest: Invalid extension permission: about:reader*
1563551059718	Marionette	INFO	Listening on port 45137
1563551059807	Marionette	WARN	TLS certificate errors will be ignored for this session
JavaScript error: http://sep.ucas.ac.cn/resources/stylelib/plugins/iealert/iealert.js, line 126: ReferenceError: jQuery is not defined
JavaScript error: http://sep.ucas.ac.cn/resources/stylelib/plugins/jquery.nicescroll.min.js, line 24: ReferenceError: jQuery is not defined
JavaScript error: http://sep.ucas.ac.cn/resources/stylelib/theme_default/global.js, line 1: ReferenceError: $ is not defined
JavaScript error: http://sep.ucas.ac.cn/resources/stylelib/plugins/sco.modal.js, line 191: ReferenceError: jQuery is not defined
JavaScript error: http://sep.ucas.ac.cn/resources/stylelib/plugins/jquery.placeholder.min.js, line 14: ReferenceError: jQuery is not defined
JavaScript error: http://sep.ucas.ac.cn/appStore, line 693: ReferenceError: $ is not defined
JavaScript error: http://course.ucas.ac.cn/portal/scripts/webrtc-adapter.js?version=5c5a648, line 139: TypeError: data is null
JavaScript error: http://course.ucas.ac.cn/portal?sakai.session=b5bf0f83-ca80-4f78-8245-ffc17454ffd2, line 2086: ReferenceError: PASystemBannerAlerts is not defined
JavaScript error: http://course.ucas.ac.cn/portal?sakai.session=b5bf0f83-ca80-4f78-8245-ffc17454ffd2, line 2109: ReferenceError: PASystemTimezoneChecker is not defined
1563551074007	Marionette	INFO	Stopped listening on port 45137
[Parent 9280, Gecko_IOThread] WARNING: pipe error (84): Connection reset by peer: file /build/firefox-ubqoiK/firefox-67.0.4+build1/ipc/chromium/src/chrome/common/ipc_channel_posix.cc, line 357
1563551106452	mozrunner::runner	INFO	Running command: "/usr/bin/firefox" "-marionette" "-foreground" "-no-remote" "-profile" "/tmp/rust_mozprofile.ZzMTljely95j"
1563551106796	addons.webextension.screenshots@mozilla.org	WARN	Loading extension 'screenshots@mozilla.org': Reading manifest: Invalid extension permission: mozillaAddons
1563551106797	addons.webextension.screenshots@mozilla.org	WARN	Loading extension 'screenshots@mozilla.org': Reading manifest: Invalid extension permission: resource://pdf.js/
1563551106797	addons.webextension.screenshots@mozilla.org	WARN	Loading extension 'screenshots@mozilla.org': Reading manifest: Invalid extension permission: about:reader*
1563551108692	Marionette	INFO	Listening on port 38349
1563551108792	Marionette	WARN	TLS certificate errors will be ignored for this session
JavaScript error: http://sep.ucas.ac.cn/resources/stylelib/theme_default/drag_arrange.js, line 77: TypeError: $(...).disableSelection is not a function
JavaScript error: http://course.ucas.ac.cn/portal/scripts/webrtc-adapter.js?version=5c5a648, line 139: TypeError: data is null
JavaScript error: http://course.ucas.ac.cn/portal?sakai.session=94956c69-cfda-4f91-94a6-396c0218fda0, line 2086: ReferenceError: PASystemBannerAlerts is not defined
JavaScript error: http://course.ucas.ac.cn/portal?sakai.session=94956c69-cfda-4f91-94a6-396c0218fda0, line 2109: ReferenceError: PASystemTimezoneChecker is not defined
JavaScript error: http://course.ucas.ac.cn/library/webjars/jquery/1.11.3/jquery.min.js, line 2: NS_ERROR_NOT_INITIALIZED: 
Exiting due to channel error.
Exiting due to channel error.
Exiting due to channel error.
1563551464045	mozrunner::runner	INFO	Running command: "/usr/bin/firefox" "-marionette" "-foreground" "-no-remote" "-profile" "/tmp/rust_mozprofile.hXfodQBq4AMp"
1563551464390	addons.webextension.screenshots@mozilla.org	WARN	Loading extension 'screenshots@mozilla.org': Reading manifest: Invalid extension permission: mozillaAddons
1563551464391	addons.webextension.screenshots@mozilla.org	WARN	Loading extension 'screenshots@mozilla.org': Reading manifest: Invalid extension permission: resource://pdf.js/
1563551464391	addons.webextension.screenshots@mozilla.org	WARN	Loading extension 'screenshots@mozilla.org': Reading manifest: Invalid extension permission: about:reader*
1563551466162	Marionette	INFO	Listening on port 41867
1563551466284	Marionette	WARN	TLS certificate errors will be ignored for this session
JavaScript error: http://course.ucas.ac.cn/portal/scripts/webrtc-adapter.js?version=5c5a648, line 139: TypeError: data is null
JavaScript error: http://course.ucas.ac.cn/portal?sakai.session=9d2d963b-af70-4d7f-b535-46b97c843e0f, line 2086: ReferenceError: PASystemBannerAlerts is not defined
JavaScript error: http://course.ucas.ac.cn/portal?sakai.session=9d2d963b-af70-4d7f-b535-46b97c843e0f, line 2109: ReferenceError: PASystemTimezoneChecker is not defined
Exiting due to channel error.
Exiting due to channel error.
Exiting due to channel error.
1563551558510	mozrunner::runner	INFO	Running command: "/usr/bin/firefox" "-marionette" "-foreground" "-no-remote" "-profile" "/tmp/rust_mozprofile.casmiUikWe9N"
1563551558872	addons.webextension.screenshots@mozilla.org	WARN	Loading extension 'screenshots@mozilla.org': Reading manifest: Invalid extension permission: mozillaAddons
1563551558873	addons.webextension.screenshots@mozilla.org	WARN	Loading extension 'screenshots@mozilla.org': Reading manifest: Invalid extension permission: resource://pdf.js/
1563551558873	addons.webextension.screenshots@mozilla.org	WARN	Loading extension 'screenshots@mozilla.org': Reading manifest: Invalid extension permission: about:reader*
1563551560752	Marionette	INFO	Listening on port 43053
1563551560848	Marionette	WARN	TLS certificate errors will be ignored for this session
JavaScript error: http://sep.ucas.ac.cn/resources/stylelib/theme_default/drag_arrange.js, line 77: TypeError: $(...).disableSelection is not a function
console.error: BroadcastService: 
  receivedBroadcastMessage: handler for
  remote-settings/monitor_changes
  threw error:
  Message: Error: Polling for changes failed: http://%(server)s/dummy/blocklist//buckets/monitor/collections/changes/records?_expected=%221563494925197%22 is not a valid URL..
  Stack:
    remoteSettingsFunction/remoteSettings.pollChanges@resource://services-settings/remote-settings.js:203:13

Exiting due to channel error.
Exiting due to channel error.
Exiting due to channel error.
1563551844654	mozrunner::runner	INFO	Running command: "/usr/bin/firefox" "-marionette" "-foreground" "-no-remote" "-profile" "/tmp/rust_mozprofile.tL3uAx4ZPd8N"
1563551845017	addons.webextension.screenshots@mozilla.org	WARN	Loading extension 'screenshots@mozilla.org': Reading manifest: Invalid extension permission: mozillaAddons
1563551845017	addons.webextension.screenshots@mozilla.org	WARN	Loading extension 'screenshots@mozilla.org': Reading manifest: Invalid extension permission: resource://pdf.js/
1563551845017	addons.webextension.screenshots@mozilla.org	WARN	Loading extension 'screenshots@mozilla.org': Reading manifest: Invalid extension permission: about:reader*
1563551847122	Marionette	INFO	Listening on port 43209
1563551847225	Marionette	WARN	TLS certificate errors will be ignored for this session
1563551851697	Marionette	INFO	Stopped listening on port 43209
[Parent 13566, Gecko_IOThread] WARNING: pipe error (82): Connection reset by peer: file /build/firefox-ubqoiK/firefox-67.0.4+build1/ipc/chromium/src/chrome/common/ipc_channel_posix.cc, line 357
[Parent 13566, Gecko_IOThread] WARNING: pipe error (98): Connection reset by peer: file /build/firefox-ubqoiK/firefox-67.0.4+build1/ipc/chromium/src/chrome/common/ipc_channel_posix.cc, line 357
1563551869487	mozrunner::runner	INFO	Running command: "/usr/bin/firefox" "-marionette" "-foreground" "-no-remote" "-profile" "/tmp/rust_mozprofile.X27Rv1J6sVap"
1563551893010	mozrunner::runner	INFO	Running command: "/usr/bin/firefox" "-marionette" "-foreground" "-no-remote" "-profile" "/tmp/rust_mozprofile.6SzzOLsMEtLH"
1563551893356	addons.webextension.screenshots@mozilla.org	WARN	Loading extension 'screenshots@mozilla.org': Reading manifest: Invalid extension permission: mozillaAddons
1563551893356	addons.webextension.screenshots@mozilla.org	WARN	Loading extension 'screenshots@mozilla.org': Reading manifest: Invalid extension permission: resource://pdf.js/
1563551893356	addons.webextension.screenshots@mozilla.org	WARN	Loading extension 'screenshots@mozilla.org': Reading manifest: Invalid extension permission: about:reader*
1563551895194	Marionette	INFO	Listening on port 32955
1563551895296	Marionette	WARN	TLS certificate errors will be ignored for this session
console.error: BroadcastService: 
  receivedBroadcastMessage: handler for
  remote-settings/monitor_changes
  threw error:
  Message: Error: Polling for changes failed: http://%(server)s/dummy/blocklist//buckets/monitor/collections/changes/records?_expected=%221563494925197%22 is not a valid URL..
  Stack:
    remoteSettingsFunction/remoteSettings.pollChanges@resource://services-settings/remote-settings.js:203:13

1563552056132	mozrunner::runner	INFO	Running command: "/usr/bin/firefox" "-marionette" "-foreground" "-no-remote" "-profile" "/tmp/rust_mozprofile.RsqsmoyImVkJ"
1563552056497	addons.webextension.screenshots@mozilla.org	WARN	Loading extension 'screenshots@mozilla.org': Reading manifest: Invalid extension permission: mozillaAddons
1563552056497	addons.webextension.screenshots@mozilla.org	WARN	Loading extension 'screenshots@mozilla.org': Reading manifest: Invalid extension permission: resource://pdf.js/
1563552056497	addons.webextension.screenshots@mozilla.org	WARN	Loading extension 'screenshots@mozilla.org': Reading manifest: Invalid extension permission: about:reader*
1563552058275	Marionette	INFO	Listening on port 33109
1563552058421	Marionette	WARN	TLS certificate errors will be ignored for this session
console.warn: "Error while detaching the thread front: 'detach' request packet to 'server1.conn0.child1/context19' can't be sent as the connection is closed."
[Parent 14547, Gecko_IOThread] WARNING: pipe error (98): Connection reset by peer: file /build/firefox-ubqoiK/firefox-67.0.4+build1/ipc/chromium/src/chrome/common/ipc_channel_posix.cc, line 357
[Parent 14547, Gecko_IOThread] WARNING: pipe error (82): Connection reset by peer: file /build/firefox-ubqoiK/firefox-67.0.4+build1/ipc/chromium/src/chrome/common/ipc_channel_posix.cc, line 357
1563552059604	Marionette	INFO	Stopped listening on port 32955
1563552219087	mozrunner::runner	INFO	Running command: "/usr/bin/firefox" "-marionette" "-foreground" "-no-remote" "-profile" "/tmp/rust_mozprofile.gRQhQrccgCrM"
1563552219434	addons.webextension.screenshots@mozilla.org	WARN	Loading extension 'screenshots@mozilla.org': Reading manifest: Invalid extension permission: mozillaAddons
1563552219434	addons.webextension.screenshots@mozilla.org	WARN	Loading extension 'screenshots@mozilla.org': Reading manifest: Invalid extension permission: resource://pdf.js/
1563552219434	addons.webextension.screenshots@mozilla.org	WARN	Loading extension 'screenshots@mozilla.org': Reading manifest: Invalid extension permission: about:reader*
[Parent 15674, Gecko_IOThread] WARNING: pipe error (82): Connection reset by peer: file /build/firefox-ubqoiK/firefox-67.0.4+build1/ipc/chromium/src/chrome/common/ipc_channel_posix.cc, line 357
[Parent 15674, Gecko_IOThread] WARNING: pipe error (98): Connection reset by peer: file /build/firefox-ubqoiK/firefox-67.0.4+build1/ipc/chromium/src/chrome/common/ipc_channel_posix.cc, line 357
1563552219612	Marionette	INFO	Stopped listening on port 33109
1563552221354	Marionette	INFO	Listening on port 42973
1563552221453	Marionette	WARN	TLS certificate errors will be ignored for this session
JavaScript error: http://course.ucas.ac.cn/library/webjars/jquery/1.11.3/jquery.min.js, line 2: NS_ERROR_NOT_INITIALIZED: 
Exiting due to channel error.
Exiting due to channel error.
Exiting due to channel error.
1563552366659	mozrunner::runner	INFO	Running command: "/usr/bin/firefox" "-marionette" "-foreground" "-no-remote" "-profile" "/tmp/rust_mozprofile.WR4cPKVmuPro"
1563552367008	addons.webextension.screenshots@mozilla.org	WARN	Loading extension 'screenshots@mozilla.org': Reading manifest: Invalid extension permission: mozillaAddons
1563552367008	addons.webextension.screenshots@mozilla.org	WARN	Loading extension 'screenshots@mozilla.org': Reading manifest: Invalid extension permission: resource://pdf.js/
1563552367008	addons.webextension.screenshots@mozilla.org	WARN	Loading extension 'screenshots@mozilla.org': Reading manifest: Invalid extension permission: about:reader*
1563552368792	Marionette	INFO	Listening on port 46491
1563552368940	Marionette	WARN	TLS certificate errors will be ignored for this session
1563552466086	mozrunner::runner	INFO	Running command: "/usr/bin/firefox" "-marionette" "-foreground" "-no-remote" "-profile" "/tmp/rust_mozprofile.iNNfgkS7f0F4"
1563552466452	addons.webextension.screenshots@mozilla.org	WARN	Loading extension 'screenshots@mozilla.org': Reading manifest: Invalid extension permission: mozillaAddons
1563552466452	addons.webextension.screenshots@mozilla.org	WARN	Loading extension 'screenshots@mozilla.org': Reading manifest: Invalid extension permission: resource://pdf.js/
1563552466452	addons.webextension.screenshots@mozilla.org	WARN	Loading extension 'screenshots@mozilla.org': Reading manifest: Invalid extension permission: about:reader*
1563552468301	Marionette	INFO	Listening on port 43821
1563552468403	Marionette	WARN	TLS certificate errors will be ignored for this session
[Parent 17722, Gecko_IOThread] WARNING: pipe error (98): Connection reset by peer: file /build/firefox-ubqoiK/firefox-67.0.4+build1/ipc/chromium/src/chrome/common/ipc_channel_posix.cc, line 357
[Parent 17722, Gecko_IOThread] WARNING: pipe error (82): Connection reset by peer: file /build/firefox-ubqoiK/firefox-67.0.4+build1/ipc/chromium/src/chrome/common/ipc_channel_posix.cc, line 357
1563552468833	Marionette	INFO	Stopped listening on port 46491
JavaScript error: http://course.ucas.ac.cn/portal/tool/0c97646c-efc0-4ccd-99bd-ceebc9067b12/wait, line 17: ReferenceError: includeLatestJQuery is not defined
JavaScript error: http://course.ucas.ac.cn/library/js/jquery/tablesorter/2.0.3/jquery.tablesorter-2.0.3.min.js, line 2: ReferenceError: jQuery is not defined
JavaScript error: http://course.ucas.ac.cn/portal/tool/0c97646c-efc0-4ccd-99bd-ceebc9067b12/wait, line 219: ReferenceError: $ is not defined
1563552508492	mozrunner::runner	INFO	Running command: "/usr/bin/firefox" "-marionette" "-foreground" "-no-remote" "-profile" "/tmp/rust_mozprofile.uQByd1mjr8wR"
1563552508934	addons.webextension.screenshots@mozilla.org	WARN	Loading extension 'screenshots@mozilla.org': Reading manifest: Invalid extension permission: mozillaAddons
1563552508935	addons.webextension.screenshots@mozilla.org	WARN	Loading extension 'screenshots@mozilla.org': Reading manifest: Invalid extension permission: resource://pdf.js/
1563552508935	addons.webextension.screenshots@mozilla.org	WARN	Loading extension 'screenshots@mozilla.org': Reading manifest: Invalid extension permission: about:reader*
1563552510999	Marionette	INFO	Listening on port 43935
1563552511101	Marionette	WARN	TLS certificate errors will be ignored for this session
[Parent 18838, Gecko_IOThread] WARNING: pipe error (98): Connection reset by peer: file /build/firefox-ubqoiK/firefox-67.0.4+build1/ipc/chromium/src/chrome/common/ipc_channel_posix.cc, line 357
[Parent 18838, Gecko_IOThread] WARNING: pipe error (82): Connection reset by peer: file /build/firefox-ubqoiK/firefox-67.0.4+build1/ipc/chromium/src/chrome/common/ipc_channel_posix.cc, line 357
1563552511675	Marionette	INFO	Stopped listening on port 43821
1563552530712	Marionette	INFO	Stopped listening on port 43935
[Parent 19806, Gecko_IOThread] WARNING: pipe error (82): Connection reset by peer: file /build/firefox-ubqoiK/firefox-67.0.4+build1/ipc/chromium/src/chrome/common/ipc_channel_posix.cc, line 357
1563552631728	mozrunner::runner	INFO	Running command: "/usr/bin/firefox" "-marionette" "-foreground" "-no-remote" "-profile" "/tmp/rust_mozprofile.hojOgQqBhIdb"
1563552632092	addons.webextension.screenshots@mozilla.org	WARN	Loading extension 'screenshots@mozilla.org': Reading manifest: Invalid extension permission: mozillaAddons
1563552632092	addons.webextension.screenshots@mozilla.org	WARN	Loading extension 'screenshots@mozilla.org': Reading manifest: Invalid extension permission: resource://pdf.js/
1563552632092	addons.webextension.screenshots@mozilla.org	WARN	Loading extension 'screenshots@mozilla.org': Reading manifest: Invalid extension permission: about:reader*
1563552633823	Marionette	INFO	Listening on port 33777
1563552633840	Marionette	WARN	TLS certificate errors will be ignored for this session
JavaScript error: http://course.ucas.ac.cn/portal/scripts/webrtc-adapter.js?version=5c5a648, line 139: TypeError: data is null
JavaScript error: http://course.ucas.ac.cn/portal?sakai.session=bb59ba55-d4cc-40e3-a246-9c84a93c151c, line 2086: ReferenceError: PASystemBannerAlerts is not defined
JavaScript error: http://course.ucas.ac.cn/portal?sakai.session=bb59ba55-d4cc-40e3-a246-9c84a93c151c, line 2109: ReferenceError: PASystemTimezoneChecker is not defined
Exiting due to channel error.
Exiting due to channel error.
Exiting due to channel error.
1563552791429	mozrunner::runner	INFO	Running command: "/usr/bin/firefox" "-marionette" "-foreground" "-no-remote" "-profile" "/tmp/rust_mozprofile.BPJbPYvugl4F"
1563552791782	addons.webextension.screenshots@mozilla.org	WARN	Loading extension 'screenshots@mozilla.org': Reading manifest: Invalid extension permission: mozillaAddons
1563552791782	addons.webextension.screenshots@mozilla.org	WARN	Loading extension 'screenshots@mozilla.org': Reading manifest: Invalid extension permission: resource://pdf.js/
1563552791783	addons.webextension.screenshots@mozilla.org	WARN	Loading extension 'screenshots@mozilla.org': Reading manifest: Invalid extension permission: about:reader*
1563552793682	Marionette	INFO	Listening on port 37833
1563552793785	Marionette	WARN	TLS certificate errors will be ignored for this session
JavaScript error: http://sep.ucas.ac.cn/resources/stylelib/base.js, line 6: TypeError: e is not a function
JavaScript error: http://sep.ucas.ac.cn/resources/stylelib/plugins/iealert/iealert.js, line 126: ReferenceError: jQuery is not defined
JavaScript error: http://sep.ucas.ac.cn/resources/stylelib/plugins/jquery.nicescroll.min.js, line 24: ReferenceError: jQuery is not defined
JavaScript error: http://sep.ucas.ac.cn/resources/stylelib/theme_default/global.js, line 1: ReferenceError: $ is not defined
JavaScript error: http://sep.ucas.ac.cn/resources/stylelib/plugins/sco.modal.js, line 191: ReferenceError: jQuery is not defined
JavaScript error: http://sep.ucas.ac.cn/resources/stylelib/plugins/jquery.placeholder.min.js, line 14: ReferenceError: jQuery is not defined
JavaScript error: http://sep.ucas.ac.cn/appStore, line 693: ReferenceError: $ is not defined
JavaScript error: http://sep.ucas.ac.cn/resources/stylelib/plugins/jquery-cookie/jquery.cookie.js, line 17: ReferenceError: jQuery is not defined
JavaScript error: http://sep.ucas.ac.cn/resources/stylelib/plugins/step-help/stephelp.js, line 1: ReferenceError: $ is not defined
JavaScript error: http://sep.ucas.ac.cn/resources/stylelib/theme_default/drag_arrange.js, line 1: ReferenceError: $ is not defined
Exiting due to channel error.
Exiting due to channel error.
Exiting due to channel error.
1563552838469	mozrunner::runner	INFO	Running command: "/usr/bin/firefox" "-marionette" "-foreground" "-no-remote" "-profile" "/tmp/rust_mozprofile.8UrB8633mq9T"
1563552838834	addons.webextension.screenshots@mozilla.org	WARN	Loading extension 'screenshots@mozilla.org': Reading manifest: Invalid extension permission: mozillaAddons
1563552838834	addons.webextension.screenshots@mozilla.org	WARN	Loading extension 'screenshots@mozilla.org': Reading manifest: Invalid extension permission: resource://pdf.js/
1563552838834	addons.webextension.screenshots@mozilla.org	WARN	Loading extension 'screenshots@mozilla.org': Reading manifest: Invalid extension permission: about:reader*
1563552840638	Marionette	INFO	Listening on port 36937
1563552840756	Marionette	WARN	TLS certificate errors will be ignored for this session
JavaScript error: http://course.ucas.ac.cn/library/webjars/jquery-migrate/1.4.0/jquery-migrate.min.js?version=5c5a648, line 2: ReferenceError: jQuery is not defined
JavaScript error: http://course.ucas.ac.cn/library/webjars/bootstrap/3.3.6/js/bootstrap.min.js?version=5c5a648, line 6: Error: Bootstrap's JavaScript requires jQuery
Exiting due to channel error.
Exiting due to channel error.
Exiting due to channel error.
1563553302747	mozrunner::runner	INFO	Running command: "/usr/bin/firefox" "-marionette" "-foreground" "-no-remote" "-profile" "/tmp/rust_mozprofile.z5N2VJGkyi1Y"
1563553303185	addons.webextension.screenshots@mozilla.org	WARN	Loading extension 'screenshots@mozilla.org': Reading manifest: Invalid extension permission: mozillaAddons
1563553303185	addons.webextension.screenshots@mozilla.org	WARN	Loading extension 'screenshots@mozilla.org': Reading manifest: Invalid extension permission: resource://pdf.js/
1563553303185	addons.webextension.screenshots@mozilla.org	WARN	Loading extension 'screenshots@mozilla.org': Reading manifest: Invalid extension permission: about:reader*
1563553305213	Marionette	INFO	Listening on port 40181
1563553305322	Marionette	WARN	TLS certificate errors will be ignored for this session
1563553433184	Marionette	INFO	Stopped listening on port 40181
[Parent 25093, Gecko_IOThread] WARNING: pipe error (82): Connection reset by peer: file /build/firefox-ubqoiK/firefox-67.0.4+build1/ipc/chromium/src/chrome/common/ipc_channel_posix.cc, line 357
1563553447882	mozrunner::runner	INFO	Running command: "/usr/bin/firefox" "-marionette" "-foreground" "-no-remote" "-profile" "/tmp/rust_mozprofile.fgyAf13hiwW9"
1563553448229	addons.webextension.screenshots@mozilla.org	WARN	Loading extension 'screenshots@mozilla.org': Reading manifest: Invalid extension permission: mozillaAddons
1563553448229	addons.webextension.screenshots@mozilla.org	WARN	Loading extension 'screenshots@mozilla.org': Reading manifest: Invalid extension permission: resource://pdf.js/
1563553448230	addons.webextension.screenshots@mozilla.org	WARN	Loading extension 'screenshots@mozilla.org': Reading manifest: Invalid extension permission: about:reader*
1563553450011	Marionette	INFO	Listening on port 38513
1563553450128	Marionette	WARN	TLS certificate errors will be ignored for this session
JavaScript error: http://sep.ucas.ac.cn/resources/stylelib/base.js, line 6: TypeError: e is not a function
JavaScript error: http://sep.ucas.ac.cn/resources/stylelib/plugins/iealert/iealert.js, line 126: ReferenceError: jQuery is not defined
Exiting due to channel error.
Exiting due to channel error.
[GFX1-]: Receive IPC close with reason=AbnormalShutdown
[Child 26339, Chrome_ChildThread] WARNING: pipe error (3): Connection reset by peer: file /build/firefox-ubqoiK/firefox-67.0.4+build1/ipc/chromium/src/chrome/common/ipc_channel_posix.cc, line 357
Exiting due to channel error.
1563553820147	mozrunner::runner	INFO	Running command: "/usr/bin/firefox" "-marionette" "-foreground" "-no-remote" "-profile" "/tmp/rust_mozprofile.TSScK7vH330V"
1563553820494	addons.webextension.screenshots@mozilla.org	WARN	Loading extension 'screenshots@mozilla.org': Reading manifest: Invalid extension permission: mozillaAddons
1563553820494	addons.webextension.screenshots@mozilla.org	WARN	Loading extension 'screenshots@mozilla.org': Reading manifest: Invalid extension permission: resource://pdf.js/
1563553820494	addons.webextension.screenshots@mozilla.org	WARN	Loading extension 'screenshots@mozilla.org': Reading manifest: Invalid extension permission: about:reader*
1563553822319	Marionette	INFO	Listening on port 46205
1563553822421	Marionette	WARN	TLS certificate errors will be ignored for this session
Exiting due to channel error.
Exiting due to channel error.
Exiting due to channel error.
1563553880091	mozrunner::runner	INFO	Running command: "/usr/bin/firefox" "-marionette" "-foreground" "-no-remote" "-profile" "/tmp/rust_mozprofile.rQFBfl9RCecq"
1563553880458	addons.webextension.screenshots@mozilla.org	WARN	Loading extension 'screenshots@mozilla.org': Reading manifest: Invalid extension permission: mozillaAddons
1563553880458	addons.webextension.screenshots@mozilla.org	WARN	Loading extension 'screenshots@mozilla.org': Reading manifest: Invalid extension permission: resource://pdf.js/
1563553880458	addons.webextension.screenshots@mozilla.org	WARN	Loading extension 'screenshots@mozilla.org': Reading manifest: Invalid extension permission: about:reader*
1563553882211	Marionette	INFO	Listening on port 38387
1563553882327	Marionette	WARN	TLS certificate errors will be ignored for this session
1563553889628	Marionette	INFO	Stopped listening on port 38387
[Parent 29566, Gecko_IOThread] WARNING: pipe error (82): Connection reset by peer: file /build/firefox-ubqoiK/firefox-67.0.4+build1/ipc/chromium/src/chrome/common/ipc_channel_posix.cc, line 357
[Parent 29566, Gecko_IOThread] WARNING: pipe error (98): Connection reset by peer: file /build/firefox-ubqoiK/firefox-67.0.4+build1/ipc/chromium/src/chrome/common/ipc_channel_posix.cc, line 357
1563553895527	mozrunner::runner	INFO	Running command: "/usr/bin/firefox" "-marionette" "-foreground" "-no-remote" "-profile" "/tmp/rust_mozprofile.AGBe1okWgd7T"
1563553895899	addons.webextension.screenshots@mozilla.org	WARN	Loading extension 'screenshots@mozilla.org': Reading manifest: Invalid extension permission: mozillaAddons
1563553895899	addons.webextension.screenshots@mozilla.org	WARN	Loading extension 'screenshots@mozilla.org': Reading manifest: Invalid extension permission: resource://pdf.js/
1563553895899	addons.webextension.screenshots@mozilla.org	WARN	Loading extension 'screenshots@mozilla.org': Reading manifest: Invalid extension permission: about:reader*
1563553897791	Marionette	INFO	Listening on port 34177
1563553897890	Marionette	WARN	TLS certificate errors will be ignored for this session
console.error: BroadcastService: 
  receivedBroadcastMessage: handler for
  remote-settings/monitor_changes
  threw error:
  Message: Error: Polling for changes failed: http://%(server)s/dummy/blocklist//buckets/monitor/collections/changes/records?_expected=%221563494925197%22 is not a valid URL..
  Stack:
    remoteSettingsFunction/remoteSettings.pollChanges@resource://services-settings/remote-settings.js:203:13

Exiting due to channel error.
Exiting due to channel error.
Exiting due to channel error.
1563554148006	mozrunner::runner	INFO	Running command: "/usr/bin/firefox" "-marionette" "-foreground" "-no-remote" "-profile" "/tmp/rust_mozprofile.cDkgU92GXBBZ"
1563554148347	addons.webextension.screenshots@mozilla.org	WARN	Loading extension 'screenshots@mozilla.org': Reading manifest: Invalid extension permission: mozillaAddons
1563554148348	addons.webextension.screenshots@mozilla.org	WARN	Loading extension 'screenshots@mozilla.org': Reading manifest: Invalid extension permission: resource://pdf.js/
1563554148348	addons.webextension.screenshots@mozilla.org	WARN	Loading extension 'screenshots@mozilla.org': Reading manifest: Invalid extension permission: about:reader*
1563554150178	Marionette	INFO	Listening on port 33145
1563554150277	Marionette	WARN	TLS certificate errors will be ignored for this session
Exiting due to channel error.
Exiting due to channel error.
Exiting due to channel error.
1563554355687	mozrunner::runner	INFO	Running command: "/usr/bin/firefox" "-marionette" "-foreground" "-no-remote" "-profile" "/tmp/rust_mozprofile.7JPwTvDi2j9i"
1563554356030	addons.webextension.screenshots@mozilla.org	WARN	Loading extension 'screenshots@mozilla.org': Reading manifest: Invalid extension permission: mozillaAddons
1563554356031	addons.webextension.screenshots@mozilla.org	WARN	Loading extension 'screenshots@mozilla.org': Reading manifest: Invalid extension permission: resource://pdf.js/
1563554356031	addons.webextension.screenshots@mozilla.org	WARN	Loading extension 'screenshots@mozilla.org': Reading manifest: Invalid extension permission: about:reader*
1563554357754	Marionette	INFO	Listening on port 42615
1563554357893	Marionette	WARN	TLS certificate errors will be ignored for this session
console.error: BroadcastService: 
  receivedBroadcastMessage: handler for
  remote-settings/monitor_changes
  threw error:
  Message: Error: Polling for changes failed: http://%(server)s/dummy/blocklist//buckets/monitor/collections/changes/records?_expected=%221563494925197%22 is not a valid URL..
  Stack:
    remoteSettingsFunction/remoteSettings.pollChanges@resource://services-settings/remote-settings.js:203:13

Exiting due to channel error.
Exiting due to channel error.
Exiting due to channel error.
1563554702147	mozrunner::runner	INFO	Running command: "/usr/bin/firefox" "-marionette" "-foreground" "-no-remote" "-profile" "/tmp/rust_mozprofile.xqhg9T0oDZXa"
1563554702495	addons.webextension.screenshots@mozilla.org	WARN	Loading extension 'screenshots@mozilla.org': Reading manifest: Invalid extension permission: mozillaAddons
1563554702495	addons.webextension.screenshots@mozilla.org	WARN	Loading extension 'screenshots@mozilla.org': Reading manifest: Invalid extension permission: resource://pdf.js/
1563554702495	addons.webextension.screenshots@mozilla.org	WARN	Loading extension 'screenshots@mozilla.org': Reading manifest: Invalid extension permission: about:reader*
1563554704206	Marionette	INFO	Listening on port 34451
1563554704351	Marionette	WARN	TLS certificate errors will be ignored for this session
console.error: BroadcastService: 
  receivedBroadcastMessage: handler for
  remote-settings/monitor_changes
  threw error:
  Message: Error: Polling for changes failed: http://%(server)s/dummy/blocklist//buckets/monitor/collections/changes/records?_expected=%221563494925197%22 is not a valid URL..
  Stack:
    remoteSettingsFunction/remoteSettings.pollChanges@resource://services-settings/remote-settings.js:203:13

Exiting due to channel error.
Exiting due to channel error.
Exiting due to channel error.
1563554854261	mozrunner::runner	INFO	Running command: "/usr/bin/firefox" "-marionette" "-foreground" "-no-remote" "-profile" "/tmp/rust_mozprofile.p9vrmqKe5QfN"
1563554854612	addons.webextension.screenshots@mozilla.org	WARN	Loading extension 'screenshots@mozilla.org': Reading manifest: Invalid extension permission: mozillaAddons
1563554854612	addons.webextension.screenshots@mozilla.org	WARN	Loading extension 'screenshots@mozilla.org': Reading manifest: Invalid extension permission: resource://pdf.js/
1563554854612	addons.webextension.screenshots@mozilla.org	WARN	Loading extension 'screenshots@mozilla.org': Reading manifest: Invalid extension permission: about:reader*
1563554856392	Marionette	INFO	Listening on port 34421
1563554856525	Marionette	WARN	TLS certificate errors will be ignored for this session

(/usr/lib/firefox/firefox:5580): dconf-WARNING **: 00:47:46.852: Unable to open /var/lib/snapd/desktop/dconf/profile/user: Permission denied
[Parent 5386, Gecko_IOThread] WARNING: pipe error (82): Connection reset by peer: file /build/firefox-ubqoiK/firefox-67.0.4+build1/ipc/chromium/src/chrome/common/ipc_channel_posix.cc, line 357
[Parent 5386, Gecko_IOThread] WARNING: pipe error (98): Connection reset by peer: file /build/firefox-ubqoiK/firefox-67.0.4+build1/ipc/chromium/src/chrome/common/ipc_channel_posix.cc, line 357
1563554874625	Marionette	INFO	Stopped listening on port 34421
1563554880346	mozrunner::runner	INFO	Running command: "/usr/bin/firefox" "-marionette" "-foreground" "-no-remote" "-profile" "/tmp/rust_mozprofile.QRolpdi30SQX"
1563554880702	addons.webextension.screenshots@mozilla.org	WARN	Loading extension 'screenshots@mozilla.org': Reading manifest: Invalid extension permission: mozillaAddons
1563554880702	addons.webextension.screenshots@mozilla.org	WARN	Loading extension 'screenshots@mozilla.org': Reading manifest: Invalid extension permission: resource://pdf.js/
1563554880702	addons.webextension.screenshots@mozilla.org	WARN	Loading extension 'screenshots@mozilla.org': Reading manifest: Invalid extension permission: about:reader*
1563554882478	Marionette	INFO	Listening on port 39475
1563554882599	Marionette	WARN	TLS certificate errors will be ignored for this session
console.error: BroadcastService: 
  receivedBroadcastMessage: handler for
  remote-settings/monitor_changes
  threw error:
  Message: Error: Polling for changes failed: http://%(server)s/dummy/blocklist//buckets/monitor/collections/changes/records?_expected=%221563494925197%22 is not a valid URL..
  Stack:
    remoteSettingsFunction/remoteSettings.pollChanges@resource://services-settings/remote-settings.js:203:13

1563554996591	Marionette	INFO	Stopped listening on port 39475
IPDL protocol error: Handler returned error code!

###!!! [Parent][DispatchAsyncMessage] Error: PLayerTransaction::Msg_ReleaseLayer Processing error: message was deserialized, but the handler returned false (indicating failure)

IPDL protocol error: Handler returned error code!

###!!! [Parent][DispatchAsyncMessage] Error: PLayerTransaction::Msg_ReleaseLayer Processing error: message was deserialized, but the handler returned false (indicating failure)

IPDL protocol error: Handler returned error code!

###!!! [Parent][DispatchAsyncMessage] Error: PLayerTransaction::Msg_ReleaseLayer Processing error: message was deserialized, but the handler returned false (indicating failure)

IPDL protocol error: Handler returned error code!

###!!! [Parent][DispatchAsyncMessage] Error: PLayerTransaction::Msg_ReleaseLayer Processing error: message was deserialized, but the handler returned false (indicating failure)

IPDL protocol error: Handler returned error code!

###!!! [Parent][DispatchAsyncMessage] Error: PLayerTransaction::Msg_ReleaseLayer Processing error: message was deserialized, but the handler returned false (indicating failure)

IPDL protocol error: Handler returned error code!

###!!! [Parent][DispatchAsyncMessage] Error: PLayerTransaction::Msg_ReleaseLayer Processing error: message was deserialized, but the handler returned false (indicating failure)

IPDL protocol error: Handler returned error code!

###!!! [Parent][DispatchAsyncMessage] Error: PLayerTransaction::Msg_ReleaseLayer Processing error: message was deserialized, but the handler returned false (indicating failure)

IPDL protocol error: Handler returned error code!

###!!! [Parent][DispatchAsyncMessage] Error: PLayerTransaction::Msg_ReleaseLayer Processing error: message was deserialized, but the handler returned false (indicating failure)

IPDL protocol error: Handler returned error code!

###!!! [Parent][DispatchAsyncMessage] Error: PLayerTransaction::Msg_ReleaseLayer Processing error: message was deserialized, but the handler returned false (indicating failure)

IPDL protocol error: Handler returned error code!

###!!! [Parent][DispatchAsyncMessage] Error: PLayerTransaction::Msg_ReleaseLayer Processing error: message was deserialized, but the handler returned false (indicating failure)

[Parent 6405, Gecko_IOThread] WARNING: pipe error (82): Connection reset by peer: file /build/firefox-ubqoiK/firefox-67.0.4+build1/ipc/chromium/src/chrome/common/ipc_channel_posix.cc, line 357
1563579950049	mozrunner::runner	INFO	Running command: "/usr/bin/firefox" "-marionette" "-foreground" "-no-remote" "-profile" "/tmp/rust_mozprofile.r7quE6dviYYN"
1563579950648	addons.webextension.screenshots@mozilla.org	WARN	Loading extension 'screenshots@mozilla.org': Reading manifest: Invalid extension permission: mozillaAddons
1563579950648	addons.webextension.screenshots@mozilla.org	WARN	Loading extension 'screenshots@mozilla.org': Reading manifest: Invalid extension permission: telemetry
1563579950649	addons.webextension.screenshots@mozilla.org	WARN	Loading extension 'screenshots@mozilla.org': Reading manifest: Invalid extension permission: resource://pdf.js/
1563579950649	addons.webextension.screenshots@mozilla.org	WARN	Loading extension 'screenshots@mozilla.org': Reading manifest: Invalid extension permission: about:reader*
1563579952680	Marionette	INFO	Listening on port 41429
1563579952725	Marionette	WARN	TLS certificate errors will be ignored for this session
console.error: BroadcastService: 
  receivedBroadcastMessage: handler for
  remote-settings/monitor_changes
  threw error:
  Message: Error: Polling for changes failed: http://%(server)s/dummy/blocklist//buckets/monitor/collections/changes/records?_expected=%221563494925197%22 is not a valid URL..
  Stack:
    remoteSettingsFunction/remoteSettings.pollChanges@resource://services-settings/remote-settings.js:201:13

1563580838203	Marionette	INFO	Stopped listening on port 41429
[Parent 4033, Gecko_IOThread] WARNING: pipe error (82): Connection reset by peer: file /build/firefox-oTXxYK/firefox-68.0+build3/ipc/chromium/src/chrome/common/ipc_channel_posix.cc, line 358
1563581024301	mozrunner::runner	INFO	Running command: "/usr/bin/firefox" "-marionette" "-foreground" "-no-remote" "-profile" "/tmp/rust_mozprofile.xJY36su0eFPE"
1563581024743	addons.webextension.screenshots@mozilla.org	WARN	Loading extension 'screenshots@mozilla.org': Reading manifest: Invalid extension permission: mozillaAddons
1563581024743	addons.webextension.screenshots@mozilla.org	WARN	Loading extension 'screenshots@mozilla.org': Reading manifest: Invalid extension permission: telemetry
1563581024743	addons.webextension.screenshots@mozilla.org	WARN	Loading extension 'screenshots@mozilla.org': Reading manifest: Invalid extension permission: resource://pdf.js/
1563581024743	addons.webextension.screenshots@mozilla.org	WARN	Loading extension 'screenshots@mozilla.org': Reading manifest: Invalid extension permission: about:reader*
1563581026656	Marionette	INFO	Listening on port 34073
1563581026758	Marionette	WARN	TLS certificate errors will be ignored for this session
Exiting due to channel error.
Exiting due to channel error.
Exiting due to channel error.
1563581497864	mozrunner::runner	INFO	Running command: "/usr/bin/firefox" "-marionette" "-foreground" "-no-remote" "-profile" "/tmp/rust_mozprofile.3oIGww4soStU"
1563581498262	addons.webextension.screenshots@mozilla.org	WARN	Loading extension 'screenshots@mozilla.org': Reading manifest: Invalid extension permission: mozillaAddons
1563581498263	addons.webextension.screenshots@mozilla.org	WARN	Loading extension 'screenshots@mozilla.org': Reading manifest: Invalid extension permission: telemetry
1563581498263	addons.webextension.screenshots@mozilla.org	WARN	Loading extension 'screenshots@mozilla.org': Reading manifest: Invalid extension permission: resource://pdf.js/
1563581498263	addons.webextension.screenshots@mozilla.org	WARN	Loading extension 'screenshots@mozilla.org': Reading manifest: Invalid extension permission: about:reader*
1563581500223	Marionette	INFO	Listening on port 46217
1563581500335	Marionette	WARN	TLS certificate errors will be ignored for this session
Exiting due to channel error.
Exiting due to channel error.
Exiting due to channel error.
1563581561817	mozrunner::runner	INFO	Running command: "/usr/bin/firefox" "-marionette" "-foreground" "-no-remote" "-profile" "/tmp/rust_mozprofile.1Q1JIW6iPglx"
1563581562218	addons.webextension.screenshots@mozilla.org	WARN	Loading extension 'screenshots@mozilla.org': Reading manifest: Invalid extension permission: mozillaAddons
1563581562219	addons.webextension.screenshots@mozilla.org	WARN	Loading extension 'screenshots@mozilla.org': Reading manifest: Invalid extension permission: telemetry
1563581562219	addons.webextension.screenshots@mozilla.org	WARN	Loading extension 'screenshots@mozilla.org': Reading manifest: Invalid extension permission: resource://pdf.js/
1563581562219	addons.webextension.screenshots@mozilla.org	WARN	Loading extension 'screenshots@mozilla.org': Reading manifest: Invalid extension permission: about:reader*
1563581564206	Marionette	INFO	Listening on port 36671
1563581564226	Marionette	WARN	TLS certificate errors will be ignored for this session
console.error: BroadcastService: 
  receivedBroadcastMessage: handler for
  remote-settings/monitor_changes
  threw error:
  Message: Error: Polling for changes failed: http://%(server)s/dummy/blocklist//buckets/monitor/collections/changes/records?_expected=%221563580805691%22 is not a valid URL..
  Stack:
    remoteSettingsFunction/remoteSettings.pollChanges@resource://services-settings/remote-settings.js:201:13

1563581600404	Marionette	INFO	Stopped listening on port 36671
[Parent 7353, Gecko_IOThread] WARNING: pipe error (82): Connection reset by peer: file /build/firefox-oTXxYK/firefox-68.0+build3/ipc/chromium/src/chrome/common/ipc_channel_posix.cc, line 358
1563581636333	mozrunner::runner	INFO	Running command: "/usr/bin/firefox" "-marionette" "-foreground" "-no-remote" "-profile" "/tmp/rust_mozprofile.Yf7Ml4aZXQYJ"
1563581636728	addons.webextension.screenshots@mozilla.org	WARN	Loading extension 'screenshots@mozilla.org': Reading manifest: Invalid extension permission: mozillaAddons
1563581636729	addons.webextension.screenshots@mozilla.org	WARN	Loading extension 'screenshots@mozilla.org': Reading manifest: Invalid extension permission: telemetry
1563581636729	addons.webextension.screenshots@mozilla.org	WARN	Loading extension 'screenshots@mozilla.org': Reading manifest: Invalid extension permission: resource://pdf.js/
1563581636729	addons.webextension.screenshots@mozilla.org	WARN	Loading extension 'screenshots@mozilla.org': Reading manifest: Invalid extension permission: about:reader*
1563581638576	Marionette	INFO	Listening on port 44347
1563581638693	Marionette	WARN	TLS certificate errors will be ignored for this session
console.error: BroadcastService: 
  receivedBroadcastMessage: handler for
  remote-settings/monitor_changes
  threw error:
  Message: Error: Polling for changes failed: http://%(server)s/dummy/blocklist//buckets/monitor/collections/changes/records?_expected=%221563580805691%22 is not a valid URL..
  Stack:
    remoteSettingsFunction/remoteSettings.pollChanges@resource://services-settings/remote-settings.js:201:13

Exiting due to channel error.
Exiting due to channel error.
Exiting due to channel error.
1563581760378	mozrunner::runner	INFO	Running command: "/usr/bin/firefox" "-marionette" "-foreground" "-no-remote" "-profile" "/tmp/rust_mozprofile.ksQpBG5IGISy"
1563581760771	addons.webextension.screenshots@mozilla.org	WARN	Loading extension 'screenshots@mozilla.org': Reading manifest: Invalid extension permission: mozillaAddons
1563581760772	addons.webextension.screenshots@mozilla.org	WARN	Loading extension 'screenshots@mozilla.org': Reading manifest: Invalid extension permission: telemetry
1563581760772	addons.webextension.screenshots@mozilla.org	WARN	Loading extension 'screenshots@mozilla.org': Reading manifest: Invalid extension permission: resource://pdf.js/
1563581760772	addons.webextension.screenshots@mozilla.org	WARN	Loading extension 'screenshots@mozilla.org': Reading manifest: Invalid extension permission: about:reader*
1563581762633	Marionette	INFO	Listening on port 41501
1563581762733	Marionette	WARN	TLS certificate errors will be ignored for this session
console.error: BroadcastService: 
  receivedBroadcastMessage: handler for
  remote-settings/monitor_changes
  threw error:
  Message: Error: Polling for changes failed: http://%(server)s/dummy/blocklist//buckets/monitor/collections/changes/records?_expected=%221563580805691%22 is not a valid URL..
  Stack:
    remoteSettingsFunction/remoteSettings.pollChanges@resource://services-settings/remote-settings.js:201:13

Exiting due to channel error.
Exiting due to channel error.
Exiting due to channel error.
1563583573213	mozrunner::runner	INFO	Running command: "/usr/bin/firefox" "-marionette" "-foreground" "-no-remote" "-profile" "/tmp/rust_mozprofile.DmPtJXjX6VnX"
1563583573635	addons.webextension.screenshots@mozilla.org	WARN	Loading extension 'screenshots@mozilla.org': Reading manifest: Invalid extension permission: mozillaAddons
1563583573635	addons.webextension.screenshots@mozilla.org	WARN	Loading extension 'screenshots@mozilla.org': Reading manifest: Invalid extension permission: telemetry
1563583573635	addons.webextension.screenshots@mozilla.org	WARN	Loading extension 'screenshots@mozilla.org': Reading manifest: Invalid extension permission: resource://pdf.js/
1563583573636	addons.webextension.screenshots@mozilla.org	WARN	Loading extension 'screenshots@mozilla.org': Reading manifest: Invalid extension permission: about:reader*
1563583575527	Marionette	INFO	Listening on port 35413
1563583575627	Marionette	WARN	TLS certificate errors will be ignored for this session
1563583580079	Marionette	INFO	Stopped listening on port 35413

###!!! [Child][MessageChannel] Error: (msgtype=0x530012,name=PHttpChannel::Msg___delete__) Channel closing: too late to send/recv, messages will be lost


###!!! [Child][MessageChannel] Error: (msgtype=0x600027,name=PNecko::Msg_RemoveRequestContext) Channel closing: too late to send/recv, messages will be lost


###!!! [Child][RunMessage] Error: Channel closing: too late to send/recv, messages will be lost

1563583587301	mozrunner::runner	INFO	Running command: "/usr/bin/firefox" "-marionette" "-foreground" "-no-remote" "-profile" "/tmp/rust_mozprofile.uN5olrmsNP9M"
1563583587862	addons.webextension.screenshots@mozilla.org	WARN	Loading extension 'screenshots@mozilla.org': Reading manifest: Invalid extension permission: mozillaAddons
1563583587862	addons.webextension.screenshots@mozilla.org	WARN	Loading extension 'screenshots@mozilla.org': Reading manifest: Invalid extension permission: telemetry
1563583587862	addons.webextension.screenshots@mozilla.org	WARN	Loading extension 'screenshots@mozilla.org': Reading manifest: Invalid extension permission: resource://pdf.js/
1563583587862	addons.webextension.screenshots@mozilla.org	WARN	Loading extension 'screenshots@mozilla.org': Reading manifest: Invalid extension permission: about:reader*
1563583590147	Marionette	INFO	Listening on port 41651
1563583590278	Marionette	WARN	TLS certificate errors will be ignored for this session
console.error: BroadcastService: 
  receivedBroadcastMessage: handler for
  remote-settings/monitor_changes
  threw error:
  Message: Error: Polling for changes failed: http://%(server)s/dummy/blocklist//buckets/monitor/collections/changes/records?_expected=%221563580805691%22 is not a valid URL..
  Stack:
    remoteSettingsFunction/remoteSettings.pollChanges@resource://services-settings/remote-settings.js:201:13

1563584334120	mozrunner::runner	INFO	Running command: "/usr/bin/firefox" "-marionette" "-foreground" "-no-remote" "-profile" "/tmp/rust_mozprofile.EIhroL9M9QG6"
1563584334523	addons.webextension.screenshots@mozilla.org	WARN	Loading extension 'screenshots@mozilla.org': Reading manifest: Invalid extension permission: mozillaAddons
1563584334523	addons.webextension.screenshots@mozilla.org	WARN	Loading extension 'screenshots@mozilla.org': Reading manifest: Invalid extension permission: telemetry
1563584334523	addons.webextension.screenshots@mozilla.org	WARN	Loading extension 'screenshots@mozilla.org': Reading manifest: Invalid extension permission: resource://pdf.js/
1563584334523	addons.webextension.screenshots@mozilla.org	WARN	Loading extension 'screenshots@mozilla.org': Reading manifest: Invalid extension permission: about:reader*
1563584336511	Marionette	INFO	Listening on port 41949
1563584336613	Marionette	WARN	TLS certificate errors will be ignored for this session
[Parent 11274, Gecko_IOThread] WARNING: pipe error (98): Connection reset by peer: file /build/firefox-oTXxYK/firefox-68.0+build3/ipc/chromium/src/chrome/common/ipc_channel_posix.cc, line 358
[Parent 11274, Gecko_IOThread] WARNING: pipe error (82): Connection reset by peer: file /build/firefox-oTXxYK/firefox-68.0+build3/ipc/chromium/src/chrome/common/ipc_channel_posix.cc, line 358
1563584338461	Marionette	INFO	Stopped listening on port 41651
Exiting due to channel error.
1563584351835	mozrunner::runner	INFO	Running command: "/usr/bin/firefox" "-marionette" "-foreground" "-no-remote" "-profile" "/tmp/rust_mozprofile.bLhtkuFSafka"
1563584352231	addons.webextension.screenshots@mozilla.org	WARN	Loading extension 'screenshots@mozilla.org': Reading manifest: Invalid extension permission: mozillaAddons
1563584352231	addons.webextension.screenshots@mozilla.org	WARN	Loading extension 'screenshots@mozilla.org': Reading manifest: Invalid extension permission: telemetry
1563584352231	addons.webextension.screenshots@mozilla.org	WARN	Loading extension 'screenshots@mozilla.org': Reading manifest: Invalid extension permission: resource://pdf.js/
1563584352231	addons.webextension.screenshots@mozilla.org	WARN	Loading extension 'screenshots@mozilla.org': Reading manifest: Invalid extension permission: about:reader*
1563584354107	Marionette	INFO	Listening on port 42921
1563584354218	Marionette	WARN	TLS certificate errors will be ignored for this session
console.error: BroadcastService: 
  receivedBroadcastMessage: handler for
  remote-settings/monitor_changes
  threw error:
  Message: Error: Polling for changes failed: http://%(server)s/dummy/blocklist//buckets/monitor/collections/changes/records?_expected=%221563580805691%22 is not a valid URL..
  Stack:
    remoteSettingsFunction/remoteSettings.pollChanges@resource://services-settings/remote-settings.js:201:13

[Parent 12935, Gecko_IOThread] WARNING: pipe error (82): Connection reset by peer: file /build/firefox-oTXxYK/firefox-68.0+build3/ipc/chromium/src/chrome/common/ipc_channel_posix.cc, line 358
[Parent 12935, Gecko_IOThread] WARNING: pipe error (98): Connection reset by peer: file /build/firefox-oTXxYK/firefox-68.0+build3/ipc/chromium/src/chrome/common/ipc_channel_posix.cc, line 358
1563587416874	Marionette	INFO	Stopped listening on port 42921
1563591354456	mozrunner::runner	INFO	Running command: "/usr/bin/firefox" "-marionette" "-foreground" "-no-remote" "-profile" "/tmp/rust_mozprofile.0qujJIjXVsEl"
1563591354892	addons.webextension.screenshots@mozilla.org	WARN	Loading extension 'screenshots@mozilla.org': Reading manifest: Invalid extension permission: mozillaAddons
1563591354892	addons.webextension.screenshots@mozilla.org	WARN	Loading extension 'screenshots@mozilla.org': Reading manifest: Invalid extension permission: telemetry
1563591354892	addons.webextension.screenshots@mozilla.org	WARN	Loading extension 'screenshots@mozilla.org': Reading manifest: Invalid extension permission: resource://pdf.js/
1563591354893	addons.webextension.screenshots@mozilla.org	WARN	Loading extension 'screenshots@mozilla.org': Reading manifest: Invalid extension permission: about:reader*
1563591356821	Marionette	INFO	Listening on port 35339
1563591356920	Marionette	WARN	TLS certificate errors will be ignored for this session
1563591361669	Marionette	WARN	TimedPromise timed out after 500 ms: stacktrace:
bail@chrome://marionette/content/sync.js:223:64
1563591375155	Marionette	INFO	Stopped listening on port 35339
1563591388559	mozrunner::runner	INFO	Running command: "/usr/bin/firefox" "-marionette" "-foreground" "-no-remote" "-profile" "/tmp/rust_mozprofile.sTrIR3lgvjkd"
1563591388973	addons.webextension.screenshots@mozilla.org	WARN	Loading extension 'screenshots@mozilla.org': Reading manifest: Invalid extension permission: mozillaAddons
1563591388973	addons.webextension.screenshots@mozilla.org	WARN	Loading extension 'screenshots@mozilla.org': Reading manifest: Invalid extension permission: telemetry
1563591388973	addons.webextension.screenshots@mozilla.org	WARN	Loading extension 'screenshots@mozilla.org': Reading manifest: Invalid extension permission: resource://pdf.js/
1563591388973	addons.webextension.screenshots@mozilla.org	WARN	Loading extension 'screenshots@mozilla.org': Reading manifest: Invalid extension permission: about:reader*
1563591390959	Marionette	INFO	Listening on port 41811
1563591391066	Marionette	WARN	TLS certificate errors will be ignored for this session
Exiting due to channel error.
Exiting due to channel error.
Exiting due to channel error.
1563591439874	mozrunner::runner	INFO	Running command: "/usr/bin/firefox" "-marionette" "-foreground" "-no-remote" "-profile" "/tmp/rust_mozprofile.PSVRMGFwM4dr"
1563591440295	addons.webextension.screenshots@mozilla.org	WARN	Loading extension 'screenshots@mozilla.org': Reading manifest: Invalid extension permission: mozillaAddons
1563591440295	addons.webextension.screenshots@mozilla.org	WARN	Loading extension 'screenshots@mozilla.org': Reading manifest: Invalid extension permission: telemetry
1563591440295	addons.webextension.screenshots@mozilla.org	WARN	Loading extension 'screenshots@mozilla.org': Reading manifest: Invalid extension permission: resource://pdf.js/
1563591440295	addons.webextension.screenshots@mozilla.org	WARN	Loading extension 'screenshots@mozilla.org': Reading manifest: Invalid extension permission: about:reader*
Exiting due to channel error.
1564281015414	mozrunner::runner	INFO	Running command: "/usr/bin/firefox" "-marionette" "-foreground" "-no-remote" "-profile" "/tmp/rust_mozprofile.81m1mMCEymdh"
1564281016103	addons.webextension.screenshots@mozilla.org	WARN	Loading extension 'screenshots@mozilla.org': Reading manifest: Invalid extension permission: mozillaAddons
1564281016103	addons.webextension.screenshots@mozilla.org	WARN	Loading extension 'screenshots@mozilla.org': Reading manifest: Invalid extension permission: telemetry
1564281016104	addons.webextension.screenshots@mozilla.org	WARN	Loading extension 'screenshots@mozilla.org': Reading manifest: Invalid extension permission: resource://pdf.js/
1564281016104	addons.webextension.screenshots@mozilla.org	WARN	Loading extension 'screenshots@mozilla.org': Reading manifest: Invalid extension permission: about:reader*
1564281018853	Marionette	INFO	Listening on port 41579
1564281018923	Marionette	WARN	TLS certificate errors will be ignored for this session

(/usr/lib/firefox/firefox:8986): dconf-WARNING **: 10:30:39.784: Unable to open /var/lib/snapd/desktop/dconf/profile/user: Permission denied
Exiting due to channel error.
1564281047731	mozrunner::runner	INFO	Running command: "/usr/bin/firefox" "-marionette" "-foreground" "-no-remote" "-profile" "/tmp/rust_mozprofile.xw0kn5xlLZIT"
1564281048213	addons.webextension.screenshots@mozilla.org	WARN	Loading extension 'screenshots@mozilla.org': Reading manifest: Invalid extension permission: mozillaAddons
1564281048213	addons.webextension.screenshots@mozilla.org	WARN	Loading extension 'screenshots@mozilla.org': Reading manifest: Invalid extension permission: telemetry
1564281048213	addons.webextension.screenshots@mozilla.org	WARN	Loading extension 'screenshots@mozilla.org': Reading manifest: Invalid extension permission: resource://pdf.js/
1564281048213	addons.webextension.screenshots@mozilla.org	WARN	Loading extension 'screenshots@mozilla.org': Reading manifest: Invalid extension permission: about:reader*
1564281050305	Marionette	INFO	Listening on port 38929
1564281050417	Marionette	WARN	TLS certificate errors will be ignored for this session
console.error: BroadcastService: 
  receivedBroadcastMessage: handler for
  remote-settings/monitor_changes
  threw error:
  Message: Error: Polling for changes failed: http://%(server)s/dummy/blocklist//buckets/monitor/collections/changes/records?_expected=%221564162743647%22 is not a valid URL..
  Stack:
    remoteSettingsFunction/remoteSettings.pollChanges@resource://services-settings/remote-settings.js:201:13

[Parent 10159, Gecko_IOThread] WARNING: pipe error (84): Connection reset by peer: file /build/firefox-tGfEvD/firefox-68.0.1+build1/ipc/chromium/src/chrome/common/ipc_channel_posix.cc, line 358
[Parent 10159, Gecko_IOThread] WARNING: pipe error (98): Connection reset by peer: file /build/firefox-tGfEvD/firefox-68.0.1+build1/ipc/chromium/src/chrome/common/ipc_channel_posix.cc, line 358
1564288768582	Marionette	INFO	Stopped listening on port 38929
1564706447861	mozrunner::runner	INFO	Running command: "/usr/bin/firefox" "-marionette" "-foreground" "-no-remote" "-profile" "/tmp/rust_mozprofile.CWYgrCw3SXCG"
1564706448297	addons.webextension.screenshots@mozilla.org	WARN	Loading extension 'screenshots@mozilla.org': Reading manifest: Invalid extension permission: mozillaAddons
1564706448297	addons.webextension.screenshots@mozilla.org	WARN	Loading extension 'screenshots@mozilla.org': Reading manifest: Invalid extension permission: telemetry
1564706448297	addons.webextension.screenshots@mozilla.org	WARN	Loading extension 'screenshots@mozilla.org': Reading manifest: Invalid extension permission: resource://pdf.js/
1564706448297	addons.webextension.screenshots@mozilla.org	WARN	Loading extension 'screenshots@mozilla.org': Reading manifest: Invalid extension permission: about:reader*
1564706450340	Marionette	INFO	Listening on port 44703
1564706450448	Marionette	WARN	TLS certificate errors will be ignored for this session
1564706511863	Marionette	INFO	Stopped listening on port 44703
[Parent 3739, Gecko_IOThread] WARNING: pipe error (82): Connection reset by peer: file /build/firefox-tGfEvD/firefox-68.0.1+build1/ipc/chromium/src/chrome/common/ipc_channel_posix.cc, line 358
